[debug] [2021-06-24T09:39:30.189Z] ----------------------------------------------------------------------
[debug] [2021-06-24T09:39:30.191Z] Command:       /usr/local/bin/node /usr/local/bin/firebase emulators:start
[debug] [2021-06-24T09:39:30.191Z] CLI Version:   9.1.0
[debug] [2021-06-24T09:39:30.191Z] Platform:      darwin
[debug] [2021-06-24T09:39:30.191Z] Node Version:  v14.16.0
[debug] [2021-06-24T09:39:30.192Z] Time:          Thu Jun 24 2021 10:39:30 GMT+0100 (British Summer Time)
[debug] [2021-06-24T09:39:30.192Z] ----------------------------------------------------------------------
[debug] [2021-06-24T09:39:30.192Z] 
[debug] [2021-06-24T09:39:30.198Z] > command requires scopes: ["email","openid","https://www.googleapis.com/auth/cloudplatformprojects.readonly","https://www.googleapis.com/auth/firebase","https://www.googleapis.com/auth/cloud-platform"]
[debug] [2021-06-24T09:39:30.199Z] > authorizing via signed-in user
[info] i  emulators: Starting emulators: database {"metadata":{"emulator":{"name":"hub"},"message":"Starting emulators: database"}}
[debug] [2021-06-24T09:39:30.217Z] [hub] writing locator at /var/folders/sn/kzz09d3d3ts176thqzzr70ym0000gn/T/hub-virtualtour-e847f.json
[debug] [2021-06-24T09:39:30.239Z] database rules config:  [{"instance":"virtualtour-e847f","rules":"/Users/craig/development/react-native-workspace/generic-model-dao/database.rules.json"}]
[debug] [2021-06-24T09:39:30.242Z] Ignoring unsupported arg: projectId {"metadata":{"emulator":{"name":"database"},"message":"Ignoring unsupported arg: projectId"}}
[debug] [2021-06-24T09:39:30.242Z] Ignoring unsupported arg: auto_download {"metadata":{"emulator":{"name":"database"},"message":"Ignoring unsupported arg: auto_download"}}
[debug] [2021-06-24T09:39:30.242Z] Ignoring unsupported arg: rules {"metadata":{"emulator":{"name":"database"},"message":"Ignoring unsupported arg: rules"}}
[debug] [2021-06-24T09:39:30.242Z] Starting Database Emulator with command {"binary":"java","args":["-Duser.language=en","-jar","/Users/craig/.cache/firebase/emulators/firebase-database-emulator-v4.7.1.jar","--host","localhost","--port",9000],"optionalArgs":["port","host","functions_emulator_port","functions_emulator_host"],"joinArgs":false} {"metadata":{"emulator":{"name":"database"},"message":"Starting Database Emulator with command {\"binary\":\"java\",\"args\":[\"-Duser.language=en\",\"-jar\",\"/Users/craig/.cache/firebase/emulators/firebase-database-emulator-v4.7.1.jar\",\"--host\",\"localhost\",\"--port\",9000],\"optionalArgs\":[\"port\",\"host\",\"functions_emulator_port\",\"functions_emulator_host\"],\"joinArgs\":false}"}}
[info] i  database: Database Emulator logging to database-debug.log {"metadata":{"emulator":{"name":"database"},"message":"Database Emulator logging to \u001b[1mdatabase-debug.log\u001b[22m"}}
[debug] [2021-06-24T09:39:31.082Z] WARNING: An illegal reflective access operation has occurred
WARNING: Illegal reflective access by io.netty.util.internal.ReflectionUtil (file:/Users/craig/.cache/firebase/emulators/firebase-database-emulator-v4.7.1.jar) to field sun.nio.ch.SelectorImpl.selectedKeys
WARNING: Please consider reporting this to the maintainers of io.netty.util.internal.ReflectionUtil
WARNING: Use --illegal-access=warn to enable warnings of further illegal reflective access operations
WARNING: All illegal access operations will be denied in a future release {"metadata":{"emulator":{"name":"database"},"message":"WARNING: An illegal reflective access operation has occurred\nWARNING: Illegal reflective access by io.netty.util.internal.ReflectionUtil (file:/Users/craig/.cache/firebase/emulators/firebase-database-emulator-v4.7.1.jar) to field sun.nio.ch.SelectorImpl.selectedKeys\nWARNING: Please consider reporting this to the maintainers of io.netty.util.internal.ReflectionUtil\nWARNING: Use --illegal-access=warn to enable warnings of further illegal reflective access operations\nWARNING: All illegal access operations will be denied in a future release"}}
[debug] [2021-06-24T09:39:31.083Z] 
 {"metadata":{"emulator":{"name":"database"},"message":"\n"}}
[debug] [2021-06-24T09:39:31.991Z] 10:39:31.989 [NamespaceSystem-akka.actor.default-dispatcher-5] INFO akka.event.slf4j.Slf4jLogger - Slf4jLogger started
 {"metadata":{"emulator":{"name":"database"},"message":"10:39:31.989 [NamespaceSystem-akka.actor.default-dispatcher-5] INFO akka.event.slf4j.Slf4jLogger - Slf4jLogger started\n"}}
[debug] [2021-06-24T09:39:32.149Z] 10:39:32.148 [main] INFO com.firebase.server.forge.App$ - Listening at localhost:9000
 {"metadata":{"emulator":{"name":"database"},"message":"10:39:32.148 [main] INFO com.firebase.server.forge.App$ - Listening at localhost:9000\n"}}
[debug] [2021-06-24T09:39:32.297Z] Ignoring unsupported arg: auto_download {"metadata":{"emulator":{"name":"ui"},"message":"Ignoring unsupported arg: auto_download"}}
[debug] [2021-06-24T09:39:32.297Z] Ignoring unsupported arg: port {"metadata":{"emulator":{"name":"ui"},"message":"Ignoring unsupported arg: port"}}
[debug] [2021-06-24T09:39:32.297Z] Starting Emulator UI with command {"binary":"node","args":["/Users/craig/.cache/firebase/emulators/ui-v1.4.1/server.bundle.js"],"optionalArgs":[],"joinArgs":false} {"metadata":{"emulator":{"name":"ui"},"message":"Starting Emulator UI with command {\"binary\":\"node\",\"args\":[\"/Users/craig/.cache/firebase/emulators/ui-v1.4.1/server.bundle.js\"],\"optionalArgs\":[],\"joinArgs\":false}"}}
[info] i  ui: Emulator UI logging to ui-debug.log {"metadata":{"emulator":{"name":"ui"},"message":"Emulator UI logging to \u001b[1mui-debug.log\u001b[22m"}}
[debug] [2021-06-24T09:39:32.401Z] Web / API server started at http://localhost:4000
 {"metadata":{"emulator":{"name":"ui"},"message":"Web / API server started at http://localhost:4000\n"}}
[debug] [2021-06-24T09:39:32.557Z] >>> HTTP REQUEST PUT http://localhost:9000/.settings/rules.json?ns=virtualtour-e847f  
 {
  "rules": {
    "person": {
      "$uid": {
        ".read": true,
        ".write": true
      }
    }
  }
}
[debug] [2021-06-24T09:39:33.017Z] <<< HTTP RESPONSE 200 {"content-length":"15","content-type":"application/json; charset=utf-8","access-control-allow-origin":"*","cache-control":"no-cache","x-firebase-project-id":"virtualtour-e847f","x-firebase-project-number":"123456789","x-firebase-uuid":"bd7b04a7-20c4-48d2-a81d-509e08119721"}
[info] 
┌─────────────────────────────────────────────────────────────┐
│ ✔  All emulators ready! It is now safe to connect your app. │
│ i  View Emulator UI at http://localhost:4000                │
└─────────────────────────────────────────────────────────────┘

┌──────────┬────────────────┬────────────────────────────────┐
│ Emulator │ Host:Port      │ View in Emulator UI            │
├──────────┼────────────────┼────────────────────────────────┤
│ Database │ localhost:9000 │ http://localhost:4000/database │
└──────────┴────────────────┴────────────────────────────────┘
  Emulator Hub running at localhost:4400
  Other reserved ports: 4500

Issues? Report them at https://github.com/firebase/firebase-tools/issues and attach the *-debug.log files.
 
